<?xml version="1.0" encoding="UTF-8"?>
<testng-results ignored="0" total="1" passed="1" failed="0" skipped="0">
  <reporter-output>
  </reporter-output>
  <suite started-at="2026-05-10T22:14:31 IST" name="AutomationSuite" finished-at="2026-05-10T22:14:40 IST" duration-ms="9445">
    <groups>
    </groups>
    <test started-at="2026-05-10T22:14:31 IST" name="RegressionTests" finished-at="2026-05-10T22:14:40 IST" duration-ms="9445">
      <class name="tests.LoginPageTest">
        <test-method is-config="true" signature="setup()[pri:0, instance:tests.LoginPageTest@3b6d844d]" started-at="2026-05-10T22:14:32 IST" name="setup" finished-at="2026-05-10T22:14:38 IST" duration-ms="6576" status="PASS">
          <reporter-output>
          </reporter-output>
        </test-method> <!-- setup -->
        <test-method is-config="true" signature="preReq()[pri:0, instance:tests.LoginPageTest@3b6d844d]" started-at="2026-05-10T22:14:38 IST" name="preReq" finished-at="2026-05-10T22:14:38 IST" duration-ms="8" status="PASS">
          <reporter-output>
          </reporter-output>
        </test-method> <!-- preReq -->
        <test-method signature="loginExecutionTest(java.lang.String,java.lang.String)[pri:0, instance:tests.LoginPageTest@3b6d844d]" started-at="2026-05-10T22:14:38 IST" name="loginExecutionTest" data-provider="login" finished-at="2026-05-10T22:14:40 IST" duration-ms="1703" status="PASS">
          <params>
            <param index="0">
              <value>
                <![CDATA[student]]>
              </value>
            </param>
            <param index="1">
              <value>
                <![CDATA[Password123]]>
              </value>
            </param>
          </params>
          <reporter-output>
          </reporter-output>
        </test-method> <!-- loginExecutionTest -->
        <test-method is-config="true" signature="tearDown()[pri:0, instance:tests.LoginPageTest@3b6d844d]" started-at="2026-05-10T22:14:40 IST" name="tearDown" finished-at="2026-05-10T22:14:40 IST" duration-ms="301" status="PASS">
          <reporter-output>
          </reporter-output>
        </test-method> <!-- tearDown -->
      </class> <!-- tests.LoginPageTest -->
    </test> <!-- RegressionTests -->
  </suite> <!-- AutomationSuite -->
</testng-results>
